<?xml version="1.0" encoding="utf-8"?><testsuites><testsuite name="pytest" errors="1" failures="0" skipped="0" tests="1" time="0.107" timestamp="2025-05-14T04:41:29.416330" hostname="d5d1c67e5751"><testcase classname="" name="tests.performance.test_a2a_benchmarks" time="0.000"><error message="collection failure">ImportError while importing test module '/workspaces/template-python-dev/tests/performance/test_a2a_benchmarks.py'.
Hint: make sure your test modules/packages have valid Python names.
Traceback:
/usr/local/lib/python3.12/importlib/__init__.py:90: in import_module
    return _bootstrap._gcd_import(name[level:], package, level)
tests/performance/test_a2a_benchmarks.py:14: in &lt;module&gt;
    import pytest_benchmark
E   ModuleNotFoundError: No module named 'pytest_benchmark'</error></testcase></testsuite></testsuites>